[19:55:23] [main/WARN]: Ambiguity between arguments [teleport, destination] and [teleport, targets] with inputs: [Player, 0123, @e, dd12be42-52a9-4a91-a8a1-11c01849e498]
[19:55:23] [main/WARN]: Ambiguity between arguments [teleport, location] and [teleport, destination] with inputs: [0.1 -0.5 .9, 0 0 0]
[19:55:23] [main/WARN]: Ambiguity between arguments [teleport, location] and [teleport, targets] with inputs: [0.1 -0.5 .9, 0 0 0]
[19:55:23] [main/WARN]: Ambiguity between arguments [teleport, targets] and [teleport, destination] with inputs: [Player, 0123, dd12be42-52a9-4a91-a8a1-11c01849e498]
[19:55:23] [main/WARN]: Ambiguity between arguments [teleport, targets, location] and [teleport, targets, destination] with inputs: [0.1 -0.5 .9, 0 0 0]
[19:55:23] [main/INFO]: Loaded 0 recipes
[19:55:23] [main/INFO]: Loaded 0 advancements
[19:55:23] [Server console handler/ERROR]: Exception handling console input
java.io.IOException: The handle is invalid
	at java.io.FileInputStream.readBytes(Native Method) ~[?:1.8.0_111]
	at java.io.FileInputStream.read(Unknown Source) ~[?:1.8.0_111]
	at java.io.BufferedInputStream.read1(Unknown Source) ~[?:1.8.0_111]
	at java.io.BufferedInputStream.read(Unknown Source) ~[?:1.8.0_111]
	at sun.nio.cs.StreamDecoder.readBytes(Unknown Source) ~[?:1.8.0_111]
	at sun.nio.cs.StreamDecoder.implRead(Unknown Source) ~[?:1.8.0_111]
	at sun.nio.cs.StreamDecoder.read(Unknown Source) ~[?:1.8.0_111]
	at java.io.InputStreamReader.read(Unknown Source) ~[?:1.8.0_111]
	at java.io.BufferedReader.fill(Unknown Source) ~[?:1.8.0_111]
	at java.io.BufferedReader.readLine(Unknown Source) ~[?:1.8.0_111]
	at java.io.BufferedReader.readLine(Unknown Source) ~[?:1.8.0_111]
	at so$2.run(SourceFile:110) [server.jar:?]
[19:55:23] [Server thread/INFO]: Starting minecraft server version 1.13.1
[19:55:23] [Server thread/INFO]: Loading properties
[19:55:23] [Server thread/INFO]: Default game type: CREATIVE
[19:55:23] [Server thread/INFO]: Generating keypair
[19:55:23] [Server thread/INFO]: Starting Minecraft server on *:25565
[19:55:23] [Server thread/INFO]: Using default channel type
[19:55:23] [Server thread/WARN]: **** SERVER IS RUNNING IN OFFLINE/INSECURE MODE!
[19:55:23] [Server thread/WARN]: The server will make no attempt to authenticate usernames. Beware.
[19:55:23] [Server thread/WARN]: While this makes the game possible to play without internet access, it also opens up the ability for hackers to connect with any username they choose.
[19:55:23] [Server thread/WARN]: To change this, set "online-mode" to "true" in the server.properties file.
[19:55:24] [Server thread/INFO]: Preparing level "Atlas2"
[19:55:24] [Server thread/INFO]: Reloading ResourceManager: Default
[19:55:24] [Server thread/INFO]: Loaded 524 recipes
[19:55:25] [Server thread/INFO]: Loaded 571 advancements
[19:55:25] [Server thread/INFO]: Preparing start region for dimension minecraft:overworld
[19:55:25] [Server thread/INFO]: Preparing spawn area: 4%
[19:55:25] [Server thread/INFO]: Preparing spawn area: 8%
[19:55:25] [Server thread/INFO]: Preparing spawn area: 12%
[19:55:25] [Server thread/INFO]: Preparing spawn area: 16%
[19:55:25] [Server thread/INFO]: Preparing spawn area: 20%
[19:55:25] [Server thread/INFO]: Preparing spawn area: 24%
[19:55:25] [Server thread/INFO]: Preparing spawn area: 28%
[19:55:25] [Server thread/INFO]: Preparing spawn area: 32%
[19:55:25] [Server thread/INFO]: Preparing spawn area: 36%
[19:55:25] [Server thread/INFO]: Preparing spawn area: 40%
[19:55:25] [Server thread/INFO]: Preparing spawn area: 44%
[19:55:25] [Server thread/INFO]: Preparing spawn area: 48%
[19:55:25] [Server thread/INFO]: Preparing spawn area: 52%
[19:55:25] [Server thread/INFO]: Preparing spawn area: 56%
[19:55:25] [Server thread/INFO]: Preparing spawn area: 60%
[19:55:25] [Server thread/INFO]: Preparing spawn area: 64%
[19:55:25] [Server thread/INFO]: Preparing spawn area: 68%
[19:55:25] [Server thread/INFO]: Preparing spawn area: 72%
[19:55:26] [Server thread/INFO]: Preparing spawn area: 76%
[19:55:26] [Server thread/INFO]: Preparing spawn area: 80%
[19:55:26] [Server thread/INFO]: Preparing spawn area: 84%
[19:55:26] [Server thread/INFO]: Preparing spawn area: 88%
[19:55:26] [Server thread/INFO]: Preparing spawn area: 92%
[19:55:26] [Server thread/INFO]: Preparing spawn area: 96%
[19:55:26] [Server thread/INFO]: Preparing spawn area: 100%
[19:55:26] [Server thread/INFO]: Time elapsed: 735 ms
[19:55:26] [Server thread/INFO]: Done (2.068s)! For help, type "help"
