[20:37:04] [main/WARN]: Ambiguity between arguments [teleport, destination] and [teleport, targets] with inputs: [Player, 0123, @e, dd12be42-52a9-4a91-a8a1-11c01849e498]
[20:37:04] [main/WARN]: Ambiguity between arguments [teleport, location] and [teleport, destination] with inputs: [0.1 -0.5 .9, 0 0 0]
[20:37:04] [main/WARN]: Ambiguity between arguments [teleport, location] and [teleport, targets] with inputs: [0.1 -0.5 .9, 0 0 0]
[20:37:04] [main/WARN]: Ambiguity between arguments [teleport, targets] and [teleport, destination] with inputs: [Player, 0123, dd12be42-52a9-4a91-a8a1-11c01849e498]
[20:37:04] [main/WARN]: Ambiguity between arguments [teleport, targets, location] and [teleport, targets, destination] with inputs: [0.1 -0.5 .9, 0 0 0]
[20:37:04] [main/INFO]: Loaded 0 recipes
[20:37:04] [main/INFO]: Loaded 0 advancements
[20:37:05] [Server thread/INFO]: Starting minecraft server version 1.13.1
[20:37:05] [Server thread/INFO]: Loading properties
[20:37:05] [Server console handler/ERROR]: Exception handling console input
java.io.IOException: The handle is invalid
	at java.io.FileInputStream.readBytes(Native Method) ~[?:1.8.0_111]
	at java.io.FileInputStream.read(Unknown Source) ~[?:1.8.0_111]
	at java.io.BufferedInputStream.read1(Unknown Source) ~[?:1.8.0_111]
	at java.io.BufferedInputStream.read(Unknown Source) ~[?:1.8.0_111]
	at sun.nio.cs.StreamDecoder.readBytes(Unknown Source) ~[?:1.8.0_111]
	at sun.nio.cs.StreamDecoder.implRead(Unknown Source) ~[?:1.8.0_111]
	at sun.nio.cs.StreamDecoder.read(Unknown Source) ~[?:1.8.0_111]
	at java.io.InputStreamReader.read(Unknown Source) ~[?:1.8.0_111]
	at java.io.BufferedReader.fill(Unknown Source) ~[?:1.8.0_111]
	at java.io.BufferedReader.readLine(Unknown Source) ~[?:1.8.0_111]
	at java.io.BufferedReader.readLine(Unknown Source) ~[?:1.8.0_111]
	at so$2.run(SourceFile:110) [server.jar:?]
[20:37:05] [Server thread/INFO]: Default game type: CREATIVE
[20:37:05] [Server thread/INFO]: Generating keypair
[20:37:05] [Server thread/INFO]: Starting Minecraft server on 192.168.0.13:25565
[20:37:05] [Server thread/INFO]: Using default channel type
[20:37:05] [Server thread/INFO]: Preparing level "Atlas2"
[20:37:05] [Server thread/INFO]: Reloading ResourceManager: Default
[20:37:06] [Server thread/INFO]: Loaded 524 recipes
[20:37:06] [Server thread/INFO]: Loaded 571 advancements
[20:37:06] [Server thread/INFO]: Preparing start region for dimension minecraft:overworld
[20:37:06] [Server thread/INFO]: Preparing spawn area: 4%
[20:37:06] [Server thread/INFO]: Preparing spawn area: 8%
[20:37:06] [Server thread/INFO]: Preparing spawn area: 12%
[20:37:06] [Server thread/INFO]: Preparing spawn area: 16%
[20:37:06] [Server thread/INFO]: Preparing spawn area: 20%
[20:37:06] [Server thread/INFO]: Preparing spawn area: 24%
[20:37:06] [Server thread/INFO]: Preparing spawn area: 28%
[20:37:06] [Server thread/INFO]: Preparing spawn area: 32%
[20:37:06] [Server thread/INFO]: Preparing spawn area: 36%
[20:37:07] [Server thread/INFO]: Preparing spawn area: 40%
[20:37:07] [Server thread/INFO]: Preparing spawn area: 44%
[20:37:07] [Server thread/INFO]: Preparing spawn area: 48%
[20:37:07] [Server thread/INFO]: Preparing spawn area: 52%
[20:37:07] [Server thread/INFO]: Preparing spawn area: 56%
[20:37:07] [Server thread/INFO]: Preparing spawn area: 60%
[20:37:07] [Server thread/INFO]: Preparing spawn area: 64%
[20:37:07] [Server thread/INFO]: Preparing spawn area: 68%
[20:37:07] [Server thread/INFO]: Preparing spawn area: 72%
[20:37:07] [Server thread/INFO]: Preparing spawn area: 76%
[20:37:07] [Server thread/INFO]: Preparing spawn area: 80%
[20:37:07] [Server thread/INFO]: Preparing spawn area: 84%
[20:37:07] [Server thread/INFO]: Preparing spawn area: 88%
[20:37:07] [Server thread/INFO]: Preparing spawn area: 92%
[20:37:07] [Server thread/INFO]: Preparing spawn area: 96%
[20:37:07] [Server thread/INFO]: Preparing spawn area: 100%
[20:37:07] [Server thread/INFO]: Time elapsed: 582 ms
[20:37:07] [Server thread/INFO]: Done (1.838s)! For help, type "help"
[20:37:27] [User Authenticator #1/INFO]: UUID of player GalaxyRogue is b3b37352-6f92-4f39-9a6b-31970cc90c50
[20:37:28] [Server thread/INFO]: GalaxyRogue[/73.62.232.176:60882] logged in with entity id 4 at (-210.69999998807907, 31.0, 1401.300000011921)
[20:37:28] [Server thread/INFO]: GalaxyRogue joined the game
[20:37:36] [User Authenticator #2/INFO]: UUID of player pboysola16 is 15d8de39-ecfa-4b70-b5de-b3278f948cbd
[20:37:36] [Server thread/INFO]: pboysola16[/73.62.232.176:54412] logged in with entity id 15 at (-199.9554167545131, 35.0, 1395.7371902265932)
[20:37:36] [Server thread/INFO]: pboysola16 joined the game
[20:37:52] [Server thread/WARN]: pboysola16 moved too quickly! 5.7879030005910295,0.0,8.73825031717297
[20:39:22] [Server thread/WARN]: pboysola16 moved too quickly! -9.244472121190483,0.0,-5.682580903127928
[20:39:27] [Server thread/WARN]: pboysola16 moved too quickly! -8.487120612348235,0.9317318437361024,-6.578211142587179
[20:40:05] [Server thread/WARN]: pboysola16 moved too quickly! -2.5199398350061983,0.0,-10.170923263529858
[20:40:07] [Server thread/WARN]: pboysola16 moved too quickly! 0.9748441333215396,0.0,-10.163285501765813
[20:40:42] [Server thread/WARN]: pboysola16 moved too quickly! -6.788349020712758,0.0,-8.285816080845393
[20:40:52] [Server thread/WARN]: pboysola16 moved too quickly! -5.191138027338866,0.0,-9.37551462284182
[20:41:08] [Server thread/WARN]: pboysola16 moved too quickly! 4.958407035469918,0.0,-9.659697419618382
[20:41:32] [Server thread/WARN]: pboysola16 moved too quickly! 10.584865612811427,0.0036733445244365726,-2.554970711395235
[20:41:37] [Server thread/WARN]: pboysola16 moved too quickly! 10.860218694098876,0.0,-0.7829117332002937
[20:42:22] [Server thread/WARN]: pboysola16 moved too quickly! 10.195018959603658,3.7500000190716776,-1.6636496581400877
[21:10:52] [Server thread/WARN]: GalaxyRogue moved too quickly! -5.378826569206694,2.8181688159839595,-8.191959668498157
[21:16:53] [Server thread/WARN]: GalaxyRogue moved too quickly! -9.609050485356875,0.0,-5.121926578423313
[21:17:56] [Server thread/WARN]: GalaxyRogue moved too quickly! -8.959201930085328,1.3661484836914184,-6.171640555616364
[21:18:23] [Server thread/WARN]: GalaxyRogue moved too quickly! -6.347106281134529,3.980508575697584,-7.351504747300169
[21:18:41] [Server thread/WARN]: Can't keep up! Is the server overloaded? Running 2082ms or 41 ticks behind
[21:36:06] [Server thread/INFO]: GalaxyRogue has made the advancement [Stone Age]
[21:50:00] [Server thread/INFO]: pboysola16 lost connection: Disconnected
[21:50:00] [Server thread/INFO]: pboysola16 left the game
[22:09:46] [User Authenticator #3/INFO]: UUID of player pboysola16 is 15d8de39-ecfa-4b70-b5de-b3278f948cbd
[22:09:46] [Server thread/INFO]: pboysola16[/73.62.232.176:54577] logged in with entity id 24374 at (-210.84187074541146, 34.0, 1334.2261830522143)
[22:09:46] [Server thread/INFO]: pboysola16 joined the game
[22:10:37] [Server thread/INFO]: [pboysola16: Teleported pboysola16 to GalaxyRogue]
[22:22:09] [Server thread/INFO]: [pboysola16: Set the time to 13000]
[22:32:25] [Server thread/INFO]: pboysola16 lost connection: Disconnected
[22:32:25] [Server thread/INFO]: pboysola16 left the game
[22:38:52] [User Authenticator #4/INFO]: UUID of player pboysola16 is 15d8de39-ecfa-4b70-b5de-b3278f948cbd
[22:38:52] [Server thread/INFO]: pboysola16[/73.62.232.176:54687] logged in with entity id 24423 at (-1648.059933899916, 239.5326061483262, -1749.7999460431138)
[22:38:52] [Server thread/INFO]: pboysola16 joined the game
[22:41:12] [Server thread/INFO]: pboysola16 has reached the goal [Hired Help]
[22:54:59] [Server thread/INFO]: pboysola16 lost connection: Disconnected
[22:54:59] [Server thread/INFO]: pboysola16 left the game
[23:03:50] [Server thread/INFO]: GalaxyRogue lost connection: Disconnected
[23:03:50] [Server thread/INFO]: GalaxyRogue left the game
[23:04:34] [Server thread/INFO]: Stopping the server
[23:04:34] [Server thread/INFO]: Stopping server
[23:04:34] [Server thread/INFO]: Saving players
[23:04:34] [Server thread/INFO]: Saving worlds
[23:04:34] [Server thread/INFO]: Saving chunks for level 'Atlas2'/minecraft:the_nether
[23:04:34] [Server thread/INFO]: Saving chunks for level 'Atlas2'/minecraft:overworld
[23:04:34] [Server thread/INFO]: Saving chunks for level 'Atlas2'/minecraft:the_end
[23:04:34] [Server Shutdown Thread/INFO]: Stopping server
[23:04:34] [Server Shutdown Thread/INFO]: Saving players
[23:04:34] [Server Shutdown Thread/INFO]: Saving worlds
[23:04:34] [Server Shutdown Thread/INFO]: Saving chunks for level 'Atlas2'/minecraft:the_nether
[23:04:34] [Server Shutdown Thread/INFO]: Saving chunks for level 'Atlas2'/minecraft:overworld
[23:04:34] [Server Shutdown Thread/INFO]: Saving chunks for level 'Atlas2'/minecraft:the_end
